-------------------------------------------------------------------------------
Test set: com.app.web.PedidoRepositorioTest
-------------------------------------------------------------------------------
Tests run: 1, Failures: 0, Errors: 1, Skipped: 0, Time elapsed: 0.001 s <<< FAILURE! - in com.app.web.PedidoRepositorioTest
com.app.web.PedidoRepositorioTest  Time elapsed: 0.001 s  <<< ERROR!
java.lang.NoClassDefFoundError: com/app/web/repositorio/PedidoRepositorio
Caused by: java.lang.ClassNotFoundException: com.app.web.repositorio.PedidoRepositorio

